[1.513s] Invoking command in '/home/joshros/Desktop/ros2cc_ws/src/my_robot_controller': PYTHONPATH=/home/joshros/Desktop/ros2cc_ws/build/my_robot_controller/prefix_override:/usr/lib/python3/dist-packages/colcon_core/task/python/colcon_distutils_commands:/home/joshros/Desktop/ros2cc_ws/install/my_robot_controller/lib/python3.8/site-packages:${PYTHONPATH} /usr/bin/python3 -W ignore:setup.py install is deprecated -W ignore:easy_install command is deprecated setup.py egg_info --egg-base ../../build/my_robot_controller build --build-base /home/joshros/Desktop/ros2cc_ws/build/my_robot_controller/build install --record /home/joshros/Desktop/ros2cc_ws/build/my_robot_controller/install.log --install-scripts $base/lib/my_robot_controller --single-version-externally-managed install_data
[1.899s] /home/joshros/.local/lib/python3.8/site-packages/setuptools/dist.py:717: UserWarning: Usage of dash-separated 'script-dir' will not be supported in future versions. Please use the underscore name 'script_dir' instead
[1.899s]   warnings.warn(
[1.958s] running egg_info
[1.959s] writing ../../build/my_robot_controller/my_robot_controller.egg-info/PKG-INFO
[1.961s] writing dependency_links to ../../build/my_robot_controller/my_robot_controller.egg-info/dependency_links.txt
[1.962s] writing entry points to ../../build/my_robot_controller/my_robot_controller.egg-info/entry_points.txt
[1.962s] writing requirements to ../../build/my_robot_controller/my_robot_controller.egg-info/requires.txt
[1.962s] writing top-level names to ../../build/my_robot_controller/my_robot_controller.egg-info/top_level.txt
[1.989s] reading manifest file '../../build/my_robot_controller/my_robot_controller.egg-info/SOURCES.txt'
[2.003s] writing manifest file '../../build/my_robot_controller/my_robot_controller.egg-info/SOURCES.txt'
[2.004s] running build
[2.004s] running build_py
[2.004s] copying my_robot_controller/my_first_node.py -> /home/joshros/Desktop/ros2cc_ws/build/my_robot_controller/build/lib/my_robot_controller
[2.004s] running install
[2.005s] running install_lib
[2.006s] copying /home/joshros/Desktop/ros2cc_ws/build/my_robot_controller/build/lib/my_robot_controller/my_first_node.py -> /home/joshros/Desktop/ros2cc_ws/install/my_robot_controller/lib/python3.8/site-packages/my_robot_controller
[2.007s] byte-compiling /home/joshros/Desktop/ros2cc_ws/install/my_robot_controller/lib/python3.8/site-packages/my_robot_controller/my_first_node.py to my_first_node.cpython-38.pyc
[2.007s] running install_data
[2.008s] running install_egg_info
[2.012s] removing '/home/joshros/Desktop/ros2cc_ws/install/my_robot_controller/lib/python3.8/site-packages/my_robot_controller-0.0.0-py3.8.egg-info' (and everything under it)
[2.017s] Copying ../../build/my_robot_controller/my_robot_controller.egg-info to /home/joshros/Desktop/ros2cc_ws/install/my_robot_controller/lib/python3.8/site-packages/my_robot_controller-0.0.0-py3.8.egg-info
[2.018s] running install_scripts
[2.048s] Installing test_node script to /home/joshros/Desktop/ros2cc_ws/install/my_robot_controller/lib/my_robot_controller
[2.048s] writing list of installed files to '/home/joshros/Desktop/ros2cc_ws/build/my_robot_controller/install.log'
[2.078s] Invoked command in '/home/joshros/Desktop/ros2cc_ws/src/my_robot_controller' returned '0': PYTHONPATH=/home/joshros/Desktop/ros2cc_ws/build/my_robot_controller/prefix_override:/usr/lib/python3/dist-packages/colcon_core/task/python/colcon_distutils_commands:/home/joshros/Desktop/ros2cc_ws/install/my_robot_controller/lib/python3.8/site-packages:${PYTHONPATH} /usr/bin/python3 -W ignore:setup.py install is deprecated -W ignore:easy_install command is deprecated setup.py egg_info --egg-base ../../build/my_robot_controller build --build-base /home/joshros/Desktop/ros2cc_ws/build/my_robot_controller/build install --record /home/joshros/Desktop/ros2cc_ws/build/my_robot_controller/install.log --install-scripts $base/lib/my_robot_controller --single-version-externally-managed install_data
