[0.353s] DEBUG:colcon:Command line arguments: ['/usr/bin/colcon', 'build', '--symlink-install']
[0.353s] DEBUG:colcon:Parsed command line arguments: Namespace(allow_overriding=[], ament_cmake_args=None, base_paths=['.'], build_base='build', catkin_cmake_args=None, catkin_skip_building_tests=False, cmake_args=None, cmake_clean_cache=False, cmake_clean_first=False, cmake_force_configure=False, cmake_target=None, cmake_target_skip_unavailable=False, continue_on_error=False, event_handlers=None, executor='parallel', ignore_user_meta=False, install_base='install', log_base=None, log_level=None, main=<bound method BuildVerb.main of <colcon_core.verb.build.BuildVerb object at 0x7fb658194940>>, merge_install=False, metas=['./colcon.meta'], mixin=None, mixin_files=None, mixin_verb=('build',), packages_above=None, packages_above_and_dependencies=None, packages_above_depth=None, packages_end=None, packages_ignore=None, packages_ignore_regex=None, packages_select=None, packages_select_build_failed=False, packages_select_by_dep=None, packages_select_regex=None, packages_select_test_failures=False, packages_skip=None, packages_skip_build_finished=False, packages_skip_by_dep=None, packages_skip_regex=None, packages_skip_test_passed=False, packages_skip_up_to=None, packages_start=None, packages_up_to=None, packages_up_to_regex=None, parallel_workers=3, paths=None, symlink_install=True, test_result_base=None, verb_extension=<colcon_core.verb.build.BuildVerb object at 0x7fb658194940>, verb_name='build', verb_parser=<colcon_mixin.mixin.mixin_argument.MixinArgumentDecorator object at 0x7fb658194e50>)
[1.124s] Level 1:colcon.colcon_core.package_discovery:discover_packages(colcon_meta) check parameters
[1.125s] Level 1:colcon.colcon_core.package_discovery:discover_packages(recursive) check parameters
[1.125s] Level 1:colcon.colcon_core.package_discovery:discover_packages(ignore) check parameters
[1.125s] Level 1:colcon.colcon_core.package_discovery:discover_packages(path) check parameters
[1.125s] Level 1:colcon.colcon_core.package_discovery:discover_packages(colcon_meta) discover
[1.125s] Level 1:colcon.colcon_core.package_discovery:discover_packages(recursive) discover
[1.125s] INFO:colcon.colcon_core.package_discovery:Crawling recursively for packages in '/home/joshros/Desktop/ros2cc_ws'
[1.125s] Level 1:colcon.colcon_core.package_identification:_identify(.) by extensions ['ignore', 'ignore_ament_install']
[1.125s] Level 1:colcon.colcon_core.package_identification:_identify(.) by extension 'ignore'
[1.125s] Level 1:colcon.colcon_core.package_identification:_identify(.) by extension 'ignore_ament_install'
[1.126s] Level 1:colcon.colcon_core.package_identification:_identify(.) by extensions ['colcon_pkg']
[1.126s] Level 1:colcon.colcon_core.package_identification:_identify(.) by extension 'colcon_pkg'
[1.126s] Level 1:colcon.colcon_core.package_identification:_identify(.) by extensions ['colcon_meta']
[1.126s] Level 1:colcon.colcon_core.package_identification:_identify(.) by extension 'colcon_meta'
[1.126s] Level 1:colcon.colcon_core.package_identification:_identify(.) by extensions ['ros']
[1.126s] Level 1:colcon.colcon_core.package_identification:_identify(.) by extension 'ros'
[1.189s] Level 1:colcon.colcon_core.package_identification:_identify(.) by extensions ['cmake', 'python']
[1.189s] Level 1:colcon.colcon_core.package_identification:_identify(.) by extension 'cmake'
[1.189s] Level 1:colcon.colcon_core.package_identification:_identify(.) by extension 'python'
[1.189s] Level 1:colcon.colcon_core.package_identification:_identify(.) by extensions ['python_setup_py']
[1.190s] Level 1:colcon.colcon_core.package_identification:_identify(.) by extension 'python_setup_py'
[1.190s] Level 1:colcon.colcon_core.package_identification:_identify(build) by extensions ['ignore', 'ignore_ament_install']
[1.190s] Level 1:colcon.colcon_core.package_identification:_identify(build) by extension 'ignore'
[1.190s] Level 1:colcon.colcon_core.package_identification:_identify(build) ignored
[1.190s] Level 1:colcon.colcon_core.package_identification:_identify(install) by extensions ['ignore', 'ignore_ament_install']
[1.190s] Level 1:colcon.colcon_core.package_identification:_identify(install) by extension 'ignore'
[1.190s] Level 1:colcon.colcon_core.package_identification:_identify(install) ignored
[1.190s] Level 1:colcon.colcon_core.package_identification:_identify(log) by extensions ['ignore', 'ignore_ament_install']
[1.191s] Level 1:colcon.colcon_core.package_identification:_identify(log) by extension 'ignore'
[1.191s] Level 1:colcon.colcon_core.package_identification:_identify(log) ignored
[1.191s] Level 1:colcon.colcon_core.package_identification:_identify(src) by extensions ['ignore', 'ignore_ament_install']
[1.191s] Level 1:colcon.colcon_core.package_identification:_identify(src) by extension 'ignore'
[1.191s] Level 1:colcon.colcon_core.package_identification:_identify(src) by extension 'ignore_ament_install'
[1.191s] Level 1:colcon.colcon_core.package_identification:_identify(src) by extensions ['colcon_pkg']
[1.191s] Level 1:colcon.colcon_core.package_identification:_identify(src) by extension 'colcon_pkg'
[1.191s] Level 1:colcon.colcon_core.package_identification:_identify(src) by extensions ['colcon_meta']
[1.191s] Level 1:colcon.colcon_core.package_identification:_identify(src) by extension 'colcon_meta'
[1.191s] Level 1:colcon.colcon_core.package_identification:_identify(src) by extensions ['ros']
[1.191s] Level 1:colcon.colcon_core.package_identification:_identify(src) by extension 'ros'
[1.191s] Level 1:colcon.colcon_core.package_identification:_identify(src) by extensions ['cmake', 'python']
[1.191s] Level 1:colcon.colcon_core.package_identification:_identify(src) by extension 'cmake'
[1.192s] Level 1:colcon.colcon_core.package_identification:_identify(src) by extension 'python'
[1.192s] Level 1:colcon.colcon_core.package_identification:_identify(src) by extensions ['python_setup_py']
[1.192s] Level 1:colcon.colcon_core.package_identification:_identify(src) by extension 'python_setup_py'
[1.192s] Level 1:colcon.colcon_core.package_identification:_identify(src/my_robot_controller) by extensions ['ignore', 'ignore_ament_install']
[1.192s] Level 1:colcon.colcon_core.package_identification:_identify(src/my_robot_controller) by extension 'ignore'
[1.192s] Level 1:colcon.colcon_core.package_identification:_identify(src/my_robot_controller) by extension 'ignore_ament_install'
[1.192s] Level 1:colcon.colcon_core.package_identification:_identify(src/my_robot_controller) by extensions ['colcon_pkg']
[1.192s] Level 1:colcon.colcon_core.package_identification:_identify(src/my_robot_controller) by extension 'colcon_pkg'
[1.192s] Level 1:colcon.colcon_core.package_identification:_identify(src/my_robot_controller) by extensions ['colcon_meta']
[1.192s] Level 1:colcon.colcon_core.package_identification:_identify(src/my_robot_controller) by extension 'colcon_meta'
[1.192s] Level 1:colcon.colcon_core.package_identification:_identify(src/my_robot_controller) by extensions ['ros']
[1.192s] Level 1:colcon.colcon_core.package_identification:_identify(src/my_robot_controller) by extension 'ros'
[1.226s] DEBUG:colcon.colcon_core.package_identification:Package 'src/my_robot_controller' with type 'ros.ament_python' and name 'my_robot_controller'
[1.226s] Level 1:colcon.colcon_core.package_discovery:discover_packages(recursive) using defaults
[1.226s] Level 1:colcon.colcon_core.package_discovery:discover_packages(ignore) discover
[1.226s] Level 1:colcon.colcon_core.package_discovery:discover_packages(ignore) using defaults
[1.226s] Level 1:colcon.colcon_core.package_discovery:discover_packages(path) discover
[1.226s] Level 1:colcon.colcon_core.package_discovery:discover_packages(path) using defaults
[1.284s] Level 1:colcon.colcon_core.package_discovery:discover_packages(prefix_path) check parameters
[1.284s] Level 1:colcon.colcon_core.package_discovery:discover_packages(prefix_path) discover
[1.357s] DEBUG:colcon.colcon_installed_package_information.package_discovery:Found 1 installed packages in /home/joshros/Desktop/ros2cc_ws/install
[1.359s] DEBUG:colcon.colcon_installed_package_information.package_discovery:Found 256 installed packages in /opt/ros/foxy
[1.362s] Level 1:colcon.colcon_core.package_discovery:discover_packages(prefix_path) using defaults
[2.185s] Level 5:colcon.colcon_core.verb:set package 'my_robot_controller' build argument 'cmake_args' from command line to 'None'
[2.185s] Level 5:colcon.colcon_core.verb:set package 'my_robot_controller' build argument 'cmake_target' from command line to 'None'
[2.185s] Level 5:colcon.colcon_core.verb:set package 'my_robot_controller' build argument 'cmake_target_skip_unavailable' from command line to 'False'
[2.185s] Level 5:colcon.colcon_core.verb:set package 'my_robot_controller' build argument 'cmake_clean_cache' from command line to 'False'
[2.185s] Level 5:colcon.colcon_core.verb:set package 'my_robot_controller' build argument 'cmake_clean_first' from command line to 'False'
[2.185s] Level 5:colcon.colcon_core.verb:set package 'my_robot_controller' build argument 'cmake_force_configure' from command line to 'False'
[2.185s] Level 5:colcon.colcon_core.verb:set package 'my_robot_controller' build argument 'ament_cmake_args' from command line to 'None'
[2.185s] Level 5:colcon.colcon_core.verb:set package 'my_robot_controller' build argument 'catkin_cmake_args' from command line to 'None'
[2.185s] Level 5:colcon.colcon_core.verb:set package 'my_robot_controller' build argument 'catkin_skip_building_tests' from command line to 'False'
[2.185s] DEBUG:colcon.colcon_core.verb:Building package 'my_robot_controller' with the following arguments: {'ament_cmake_args': None, 'build_base': '/home/joshros/Desktop/ros2cc_ws/build/my_robot_controller', 'catkin_cmake_args': None, 'catkin_skip_building_tests': False, 'cmake_args': None, 'cmake_clean_cache': False, 'cmake_clean_first': False, 'cmake_force_configure': False, 'cmake_target': None, 'cmake_target_skip_unavailable': False, 'install_base': '/home/joshros/Desktop/ros2cc_ws/install/my_robot_controller', 'merge_install': False, 'path': '/home/joshros/Desktop/ros2cc_ws/src/my_robot_controller', 'symlink_install': True, 'test_result_base': None}
[2.186s] INFO:colcon.colcon_core.executor:Executing jobs using 'parallel' executor
[2.187s] DEBUG:colcon.colcon_parallel_executor.executor.parallel:run_until_complete
[2.187s] INFO:colcon.colcon_ros.task.ament_python.build:Building ROS package in '/home/joshros/Desktop/ros2cc_ws/src/my_robot_controller' with build type 'ament_python'
[2.187s] Level 1:colcon.colcon_core.shell:create_environment_hook('my_robot_controller', 'ament_prefix_path')
[2.198s] INFO:colcon.colcon_core.plugin_system:Skipping extension 'colcon_core.shell.bat': Not used on non-Windows systems
[2.199s] INFO:colcon.colcon_core.shell:Creating environment hook '/home/joshros/Desktop/ros2cc_ws/install/my_robot_controller/share/my_robot_controller/hook/ament_prefix_path.ps1'
[2.216s] INFO:colcon.colcon_core.shell:Creating environment descriptor '/home/joshros/Desktop/ros2cc_ws/install/my_robot_controller/share/my_robot_controller/hook/ament_prefix_path.dsv'
[2.221s] INFO:colcon.colcon_core.shell:Creating environment hook '/home/joshros/Desktop/ros2cc_ws/install/my_robot_controller/share/my_robot_controller/hook/ament_prefix_path.sh'
[2.238s] INFO:colcon.colcon_core.shell:Skip shell extension 'powershell' for command environment: Not usable outside of PowerShell
[2.238s] DEBUG:colcon.colcon_core.shell:Skip shell extension 'dsv' for command environment
[2.746s] INFO:colcon.colcon_core.task.python.build:Building Python package in '/home/joshros/Desktop/ros2cc_ws/src/my_robot_controller'
[2.748s] INFO:colcon.colcon_core.shell:Skip shell extension 'powershell' for command environment: Not usable outside of PowerShell
[2.748s] DEBUG:colcon.colcon_core.shell:Skip shell extension 'dsv' for command environment
[3.644s] DEBUG:colcon.colcon_core.event_handler.log_command:Invoking command in '/home/joshros/Desktop/ros2cc_ws/build/my_robot_controller': PYTHONPATH=/home/joshros/Desktop/ros2cc_ws/build/my_robot_controller/prefix_override:/usr/lib/python3/dist-packages/colcon_core/task/python/colcon_distutils_commands:/home/joshros/Desktop/ros2cc_ws/install/my_robot_controller/lib/python3.8/site-packages:${PYTHONPATH} /usr/bin/python3 -W ignore:setup.py install is deprecated -W ignore:easy_install command is deprecated setup.py develop --editable --build-directory /home/joshros/Desktop/ros2cc_ws/build/my_robot_controller/build --no-deps symlink_data
[4.566s] Level 1:colcon.colcon_core.shell:create_environment_hook('my_robot_controller', 'pythonpath_develop')
[4.567s] INFO:colcon.colcon_core.shell:Creating environment hook '/home/joshros/Desktop/ros2cc_ws/build/my_robot_controller/share/my_robot_controller/hook/pythonpath_develop.ps1'
[4.568s] DEBUG:colcon.colcon_core.event_handler.log_command:Invoked command in '/home/joshros/Desktop/ros2cc_ws/build/my_robot_controller' returned '0': PYTHONPATH=/home/joshros/Desktop/ros2cc_ws/build/my_robot_controller/prefix_override:/usr/lib/python3/dist-packages/colcon_core/task/python/colcon_distutils_commands:/home/joshros/Desktop/ros2cc_ws/install/my_robot_controller/lib/python3.8/site-packages:${PYTHONPATH} /usr/bin/python3 -W ignore:setup.py install is deprecated -W ignore:easy_install command is deprecated setup.py develop --editable --build-directory /home/joshros/Desktop/ros2cc_ws/build/my_robot_controller/build --no-deps symlink_data
[4.568s] INFO:colcon.colcon_core.shell:Creating environment descriptor '/home/joshros/Desktop/ros2cc_ws/build/my_robot_controller/share/my_robot_controller/hook/pythonpath_develop.dsv'
[4.569s] INFO:colcon.colcon_core.shell:Creating environment hook '/home/joshros/Desktop/ros2cc_ws/build/my_robot_controller/share/my_robot_controller/hook/pythonpath_develop.sh'
[4.601s] Level 1:colcon.colcon_core.environment:checking '/home/joshros/Desktop/ros2cc_ws/install/my_robot_controller' for CMake module files
[4.602s] Level 1:colcon.colcon_core.environment:checking '/home/joshros/Desktop/ros2cc_ws/install/my_robot_controller' for CMake config files
[4.603s] Level 1:colcon.colcon_core.environment:checking '/home/joshros/Desktop/ros2cc_ws/install/my_robot_controller/lib'
[4.604s] Level 1:colcon.colcon_core.environment:checking '/home/joshros/Desktop/ros2cc_ws/install/my_robot_controller/bin'
[4.604s] Level 1:colcon.colcon_core.environment:checking '/home/joshros/Desktop/ros2cc_ws/install/my_robot_controller/lib/pkgconfig/my_robot_controller.pc'
[4.604s] Level 1:colcon.colcon_core.environment:checking '/home/joshros/Desktop/ros2cc_ws/install/my_robot_controller/lib/python3.8/site-packages'
[4.604s] Level 1:colcon.colcon_core.shell:create_environment_hook('my_robot_controller', 'pythonpath')
[4.605s] INFO:colcon.colcon_core.shell:Creating environment hook '/home/joshros/Desktop/ros2cc_ws/install/my_robot_controller/share/my_robot_controller/hook/pythonpath.ps1'
[4.605s] INFO:colcon.colcon_core.shell:Creating environment descriptor '/home/joshros/Desktop/ros2cc_ws/install/my_robot_controller/share/my_robot_controller/hook/pythonpath.dsv'
[4.607s] INFO:colcon.colcon_core.shell:Creating environment hook '/home/joshros/Desktop/ros2cc_ws/install/my_robot_controller/share/my_robot_controller/hook/pythonpath.sh'
[4.608s] Level 1:colcon.colcon_core.environment:checking '/home/joshros/Desktop/ros2cc_ws/install/my_robot_controller/bin'
[4.608s] Level 1:colcon.colcon_core.environment:create_environment_scripts_only(my_robot_controller)
[4.609s] INFO:colcon.colcon_core.shell:Creating package script '/home/joshros/Desktop/ros2cc_ws/install/my_robot_controller/share/my_robot_controller/package.ps1'
[4.611s] INFO:colcon.colcon_core.shell:Creating package descriptor '/home/joshros/Desktop/ros2cc_ws/install/my_robot_controller/share/my_robot_controller/package.dsv'
[4.612s] INFO:colcon.colcon_core.shell:Creating package script '/home/joshros/Desktop/ros2cc_ws/install/my_robot_controller/share/my_robot_controller/package.sh'
[4.613s] INFO:colcon.colcon_core.shell:Creating package script '/home/joshros/Desktop/ros2cc_ws/install/my_robot_controller/share/my_robot_controller/package.bash'
[4.615s] INFO:colcon.colcon_core.shell:Creating package script '/home/joshros/Desktop/ros2cc_ws/install/my_robot_controller/share/my_robot_controller/package.zsh'
[4.616s] Level 1:colcon.colcon_core.environment:create_file_with_runtime_dependencies(/home/joshros/Desktop/ros2cc_ws/install/my_robot_controller/share/colcon-core/packages/my_robot_controller)
[4.617s] DEBUG:colcon.colcon_parallel_executor.executor.parallel:closing loop
[4.617s] DEBUG:colcon.colcon_parallel_executor.executor.parallel:loop closed
[4.617s] DEBUG:colcon.colcon_parallel_executor.executor.parallel:run_until_complete finished with '0'
[4.617s] DEBUG:colcon.colcon_core.event_reactor:joining thread
[4.639s] INFO:colcon.colcon_core.plugin_system:Skipping extension 'colcon_notification.desktop_notification.terminal_notifier': Not used on non-Darwin systems
[4.639s] INFO:colcon.colcon_core.plugin_system:Skipping extension 'colcon_notification.desktop_notification.win32': Not used on non-Windows systems
[4.639s] INFO:colcon.colcon_notification.desktop_notification:Sending desktop notification using 'notify2'
[4.692s] DEBUG:colcon.colcon_core.event_reactor:joined thread
[4.692s] INFO:colcon.colcon_core.shell:Creating prefix script '/home/joshros/Desktop/ros2cc_ws/install/local_setup.ps1'
[4.695s] INFO:colcon.colcon_core.shell:Creating prefix util module '/home/joshros/Desktop/ros2cc_ws/install/_local_setup_util_ps1.py'
[4.698s] INFO:colcon.colcon_core.shell:Creating prefix chain script '/home/joshros/Desktop/ros2cc_ws/install/setup.ps1'
[4.700s] INFO:colcon.colcon_core.shell:Creating prefix script '/home/joshros/Desktop/ros2cc_ws/install/local_setup.sh'
[4.714s] INFO:colcon.colcon_core.shell:Creating prefix util module '/home/joshros/Desktop/ros2cc_ws/install/_local_setup_util_sh.py'
[4.715s] INFO:colcon.colcon_core.shell:Creating prefix chain script '/home/joshros/Desktop/ros2cc_ws/install/setup.sh'
[4.719s] INFO:colcon.colcon_core.shell:Creating prefix script '/home/joshros/Desktop/ros2cc_ws/install/local_setup.bash'
[4.720s] INFO:colcon.colcon_core.shell:Creating prefix chain script '/home/joshros/Desktop/ros2cc_ws/install/setup.bash'
[4.722s] INFO:colcon.colcon_core.shell:Creating prefix script '/home/joshros/Desktop/ros2cc_ws/install/local_setup.zsh'
[4.730s] INFO:colcon.colcon_core.shell:Creating prefix chain script '/home/joshros/Desktop/ros2cc_ws/install/setup.zsh'
