[1.456s] Invoking command in '/home/joshros/Desktop/ros2cc_ws/build/my_robot_controller': PYTHONPATH=/home/joshros/Desktop/ros2cc_ws/build/my_robot_controller/prefix_override:/usr/lib/python3/dist-packages/colcon_core/task/python/colcon_distutils_commands:/home/joshros/Desktop/ros2cc_ws/install/my_robot_controller/lib/python3.8/site-packages:${PYTHONPATH} /usr/bin/python3 -W ignore:setup.py install is deprecated -W ignore:easy_install command is deprecated setup.py develop --editable --build-directory /home/joshros/Desktop/ros2cc_ws/build/my_robot_controller/build --no-deps symlink_data
[1.871s] /home/joshros/.local/lib/python3.8/site-packages/setuptools/dist.py:717: UserWarning: Usage of dash-separated 'script-dir' will not be supported in future versions. Please use the underscore name 'script_dir' instead
[1.871s]   warnings.warn(
[1.951s] running develop
[2.204s] running egg_info
[2.205s] writing my_robot_controller.egg-info/PKG-INFO
[2.205s] writing dependency_links to my_robot_controller.egg-info/dependency_links.txt
[2.205s] writing entry points to my_robot_controller.egg-info/entry_points.txt
[2.205s] writing requirements to my_robot_controller.egg-info/requires.txt
[2.205s] writing top-level names to my_robot_controller.egg-info/top_level.txt
[2.209s] reading manifest file 'my_robot_controller.egg-info/SOURCES.txt'
[2.214s] writing manifest file 'my_robot_controller.egg-info/SOURCES.txt'
[2.276s] running build_ext
[2.277s] Creating /home/joshros/Desktop/ros2cc_ws/install/my_robot_controller/lib/python3.8/site-packages/my-robot-controller.egg-link (link to .)
[2.278s] Installing draw_circle script to /home/joshros/Desktop/ros2cc_ws/install/my_robot_controller/lib/my_robot_controller
[2.291s] Installing test_node script to /home/joshros/Desktop/ros2cc_ws/install/my_robot_controller/lib/my_robot_controller
[2.291s] 
[2.291s] Installed /home/joshros/Desktop/ros2cc_ws/build/my_robot_controller
[2.291s] running symlink_data
[2.379s] Invoked command in '/home/joshros/Desktop/ros2cc_ws/build/my_robot_controller' returned '0': PYTHONPATH=/home/joshros/Desktop/ros2cc_ws/build/my_robot_controller/prefix_override:/usr/lib/python3/dist-packages/colcon_core/task/python/colcon_distutils_commands:/home/joshros/Desktop/ros2cc_ws/install/my_robot_controller/lib/python3.8/site-packages:${PYTHONPATH} /usr/bin/python3 -W ignore:setup.py install is deprecated -W ignore:easy_install command is deprecated setup.py develop --editable --build-directory /home/joshros/Desktop/ros2cc_ws/build/my_robot_controller/build --no-deps symlink_data
