[0.334s] DEBUG:colcon:Command line arguments: ['/usr/bin/colcon', 'build', '--symlink-install']
[0.334s] DEBUG:colcon:Parsed command line arguments: Namespace(allow_overriding=[], ament_cmake_args=None, base_paths=['.'], build_base='build', catkin_cmake_args=None, catkin_skip_building_tests=False, cmake_args=None, cmake_clean_cache=False, cmake_clean_first=False, cmake_force_configure=False, cmake_target=None, cmake_target_skip_unavailable=False, continue_on_error=False, event_handlers=None, executor='parallel', ignore_user_meta=False, install_base='install', log_base=None, log_level=None, main=<bound method BuildVerb.main of <colcon_core.verb.build.BuildVerb object at 0x7f9cacd7d970>>, merge_install=False, metas=['./colcon.meta'], mixin=None, mixin_files=None, mixin_verb=('build',), packages_above=None, packages_above_and_dependencies=None, packages_above_depth=None, packages_end=None, packages_ignore=None, packages_ignore_regex=None, packages_select=None, packages_select_build_failed=False, packages_select_by_dep=None, packages_select_regex=None, packages_select_test_failures=False, packages_skip=None, packages_skip_build_finished=False, packages_skip_by_dep=None, packages_skip_regex=None, packages_skip_test_passed=False, packages_skip_up_to=None, packages_start=None, packages_up_to=None, packages_up_to_regex=None, parallel_workers=3, paths=None, symlink_install=True, test_result_base=None, verb_extension=<colcon_core.verb.build.BuildVerb object at 0x7f9cacd7d970>, verb_name='build', verb_parser=<colcon_mixin.mixin.mixin_argument.MixinArgumentDecorator object at 0x7f9cacd7de80>)
[0.655s] Level 1:colcon.colcon_core.package_discovery:discover_packages(colcon_meta) check parameters
[0.656s] Level 1:colcon.colcon_core.package_discovery:discover_packages(recursive) check parameters
[0.656s] Level 1:colcon.colcon_core.package_discovery:discover_packages(ignore) check parameters
[0.656s] Level 1:colcon.colcon_core.package_discovery:discover_packages(path) check parameters
[0.656s] Level 1:colcon.colcon_core.package_discovery:discover_packages(colcon_meta) discover
[0.656s] Level 1:colcon.colcon_core.package_discovery:discover_packages(recursive) discover
[0.656s] INFO:colcon.colcon_core.package_discovery:Crawling recursively for packages in '/home/joshros/Desktop/ros2cc_ws'
[0.656s] Level 1:colcon.colcon_core.package_identification:_identify(.) by extensions ['ignore', 'ignore_ament_install']
[0.656s] Level 1:colcon.colcon_core.package_identification:_identify(.) by extension 'ignore'
[0.656s] Level 1:colcon.colcon_core.package_identification:_identify(.) by extension 'ignore_ament_install'
[0.656s] Level 1:colcon.colcon_core.package_identification:_identify(.) by extensions ['colcon_pkg']
[0.656s] Level 1:colcon.colcon_core.package_identification:_identify(.) by extension 'colcon_pkg'
[0.656s] Level 1:colcon.colcon_core.package_identification:_identify(.) by extensions ['colcon_meta']
[0.656s] Level 1:colcon.colcon_core.package_identification:_identify(.) by extension 'colcon_meta'
[0.656s] Level 1:colcon.colcon_core.package_identification:_identify(.) by extensions ['ros']
[0.656s] Level 1:colcon.colcon_core.package_identification:_identify(.) by extension 'ros'
[0.685s] Level 1:colcon.colcon_core.package_identification:_identify(.) by extensions ['cmake', 'python']
[0.685s] Level 1:colcon.colcon_core.package_identification:_identify(.) by extension 'cmake'
[0.685s] Level 1:colcon.colcon_core.package_identification:_identify(.) by extension 'python'
[0.685s] Level 1:colcon.colcon_core.package_identification:_identify(.) by extensions ['python_setup_py']
[0.685s] Level 1:colcon.colcon_core.package_identification:_identify(.) by extension 'python_setup_py'
[0.685s] Level 1:colcon.colcon_core.package_identification:_identify(build) by extensions ['ignore', 'ignore_ament_install']
[0.685s] Level 1:colcon.colcon_core.package_identification:_identify(build) by extension 'ignore'
[0.685s] Level 1:colcon.colcon_core.package_identification:_identify(build) ignored
[0.685s] Level 1:colcon.colcon_core.package_identification:_identify(install) by extensions ['ignore', 'ignore_ament_install']
[0.686s] Level 1:colcon.colcon_core.package_identification:_identify(install) by extension 'ignore'
[0.686s] Level 1:colcon.colcon_core.package_identification:_identify(install) ignored
[0.686s] Level 1:colcon.colcon_core.package_identification:_identify(log) by extensions ['ignore', 'ignore_ament_install']
[0.686s] Level 1:colcon.colcon_core.package_identification:_identify(log) by extension 'ignore'
[0.686s] Level 1:colcon.colcon_core.package_identification:_identify(log) ignored
[0.686s] Level 1:colcon.colcon_core.package_identification:_identify(src) by extensions ['ignore', 'ignore_ament_install']
[0.686s] Level 1:colcon.colcon_core.package_identification:_identify(src) by extension 'ignore'
[0.686s] Level 1:colcon.colcon_core.package_identification:_identify(src) by extension 'ignore_ament_install'
[0.686s] Level 1:colcon.colcon_core.package_identification:_identify(src) by extensions ['colcon_pkg']
[0.686s] Level 1:colcon.colcon_core.package_identification:_identify(src) by extension 'colcon_pkg'
[0.686s] Level 1:colcon.colcon_core.package_identification:_identify(src) by extensions ['colcon_meta']
[0.686s] Level 1:colcon.colcon_core.package_identification:_identify(src) by extension 'colcon_meta'
[0.686s] Level 1:colcon.colcon_core.package_identification:_identify(src) by extensions ['ros']
[0.686s] Level 1:colcon.colcon_core.package_identification:_identify(src) by extension 'ros'
[0.687s] Level 1:colcon.colcon_core.package_identification:_identify(src) by extensions ['cmake', 'python']
[0.687s] Level 1:colcon.colcon_core.package_identification:_identify(src) by extension 'cmake'
[0.687s] Level 1:colcon.colcon_core.package_identification:_identify(src) by extension 'python'
[0.687s] Level 1:colcon.colcon_core.package_identification:_identify(src) by extensions ['python_setup_py']
[0.687s] Level 1:colcon.colcon_core.package_identification:_identify(src) by extension 'python_setup_py'
[0.687s] Level 1:colcon.colcon_core.package_identification:_identify(src/my_robot_controller) by extensions ['ignore', 'ignore_ament_install']
[0.687s] Level 1:colcon.colcon_core.package_identification:_identify(src/my_robot_controller) by extension 'ignore'
[0.687s] Level 1:colcon.colcon_core.package_identification:_identify(src/my_robot_controller) by extension 'ignore_ament_install'
[0.687s] Level 1:colcon.colcon_core.package_identification:_identify(src/my_robot_controller) by extensions ['colcon_pkg']
[0.687s] Level 1:colcon.colcon_core.package_identification:_identify(src/my_robot_controller) by extension 'colcon_pkg'
[0.687s] Level 1:colcon.colcon_core.package_identification:_identify(src/my_robot_controller) by extensions ['colcon_meta']
[0.687s] Level 1:colcon.colcon_core.package_identification:_identify(src/my_robot_controller) by extension 'colcon_meta'
[0.687s] Level 1:colcon.colcon_core.package_identification:_identify(src/my_robot_controller) by extensions ['ros']
[0.687s] Level 1:colcon.colcon_core.package_identification:_identify(src/my_robot_controller) by extension 'ros'
[0.691s] DEBUG:colcon.colcon_core.package_identification:Package 'src/my_robot_controller' with type 'ros.ament_python' and name 'my_robot_controller'
[0.692s] Level 1:colcon.colcon_core.package_discovery:discover_packages(recursive) using defaults
[0.692s] Level 1:colcon.colcon_core.package_discovery:discover_packages(ignore) discover
[0.692s] Level 1:colcon.colcon_core.package_discovery:discover_packages(ignore) using defaults
[0.692s] Level 1:colcon.colcon_core.package_discovery:discover_packages(path) discover
[0.692s] Level 1:colcon.colcon_core.package_discovery:discover_packages(path) using defaults
[0.722s] Level 1:colcon.colcon_core.package_discovery:discover_packages(prefix_path) check parameters
[0.722s] Level 1:colcon.colcon_core.package_discovery:discover_packages(prefix_path) discover
[0.724s] DEBUG:colcon.colcon_installed_package_information.package_discovery:Found 1 installed packages in /home/joshros/Desktop/ros2cc_ws/install
[0.726s] DEBUG:colcon.colcon_installed_package_information.package_discovery:Found 256 installed packages in /opt/ros/foxy
[0.729s] Level 1:colcon.colcon_core.package_discovery:discover_packages(prefix_path) using defaults
[0.838s] Level 5:colcon.colcon_core.verb:set package 'my_robot_controller' build argument 'cmake_args' from command line to 'None'
[0.838s] Level 5:colcon.colcon_core.verb:set package 'my_robot_controller' build argument 'cmake_target' from command line to 'None'
[0.838s] Level 5:colcon.colcon_core.verb:set package 'my_robot_controller' build argument 'cmake_target_skip_unavailable' from command line to 'False'
[0.838s] Level 5:colcon.colcon_core.verb:set package 'my_robot_controller' build argument 'cmake_clean_cache' from command line to 'False'
[0.838s] Level 5:colcon.colcon_core.verb:set package 'my_robot_controller' build argument 'cmake_clean_first' from command line to 'False'
[0.838s] Level 5:colcon.colcon_core.verb:set package 'my_robot_controller' build argument 'cmake_force_configure' from command line to 'False'
[0.838s] Level 5:colcon.colcon_core.verb:set package 'my_robot_controller' build argument 'ament_cmake_args' from command line to 'None'
[0.838s] Level 5:colcon.colcon_core.verb:set package 'my_robot_controller' build argument 'catkin_cmake_args' from command line to 'None'
[0.838s] Level 5:colcon.colcon_core.verb:set package 'my_robot_controller' build argument 'catkin_skip_building_tests' from command line to 'False'
[0.838s] DEBUG:colcon.colcon_core.verb:Building package 'my_robot_controller' with the following arguments: {'ament_cmake_args': None, 'build_base': '/home/joshros/Desktop/ros2cc_ws/build/my_robot_controller', 'catkin_cmake_args': None, 'catkin_skip_building_tests': False, 'cmake_args': None, 'cmake_clean_cache': False, 'cmake_clean_first': False, 'cmake_force_configure': False, 'cmake_target': None, 'cmake_target_skip_unavailable': False, 'install_base': '/home/joshros/Desktop/ros2cc_ws/install/my_robot_controller', 'merge_install': False, 'path': '/home/joshros/Desktop/ros2cc_ws/src/my_robot_controller', 'symlink_install': True, 'test_result_base': None}
[0.838s] INFO:colcon.colcon_core.executor:Executing jobs using 'parallel' executor
[0.840s] DEBUG:colcon.colcon_parallel_executor.executor.parallel:run_until_complete
[0.840s] INFO:colcon.colcon_ros.task.ament_python.build:Building ROS package in '/home/joshros/Desktop/ros2cc_ws/src/my_robot_controller' with build type 'ament_python'
[0.840s] Level 1:colcon.colcon_core.shell:create_environment_hook('my_robot_controller', 'ament_prefix_path')
[0.843s] INFO:colcon.colcon_core.plugin_system:Skipping extension 'colcon_core.shell.bat': Not used on non-Windows systems
[0.843s] INFO:colcon.colcon_core.shell:Creating environment hook '/home/joshros/Desktop/ros2cc_ws/install/my_robot_controller/share/my_robot_controller/hook/ament_prefix_path.ps1'
[0.844s] INFO:colcon.colcon_core.shell:Creating environment descriptor '/home/joshros/Desktop/ros2cc_ws/install/my_robot_controller/share/my_robot_controller/hook/ament_prefix_path.dsv'
[0.845s] INFO:colcon.colcon_core.shell:Creating environment hook '/home/joshros/Desktop/ros2cc_ws/install/my_robot_controller/share/my_robot_controller/hook/ament_prefix_path.sh'
[0.846s] INFO:colcon.colcon_core.shell:Skip shell extension 'powershell' for command environment: Not usable outside of PowerShell
[0.846s] DEBUG:colcon.colcon_core.shell:Skip shell extension 'dsv' for command environment
[1.270s] INFO:colcon.colcon_core.task.python.build:Building Python package in '/home/joshros/Desktop/ros2cc_ws/src/my_robot_controller'
[1.270s] INFO:colcon.colcon_core.shell:Skip shell extension 'powershell' for command environment: Not usable outside of PowerShell
[1.271s] DEBUG:colcon.colcon_core.shell:Skip shell extension 'dsv' for command environment
[1.882s] DEBUG:colcon.colcon_core.event_handler.log_command:Invoking command in '/home/joshros/Desktop/ros2cc_ws/build/my_robot_controller': PYTHONPATH=/home/joshros/Desktop/ros2cc_ws/build/my_robot_controller/prefix_override:/usr/lib/python3/dist-packages/colcon_core/task/python/colcon_distutils_commands:/home/joshros/Desktop/ros2cc_ws/install/my_robot_controller/lib/python3.8/site-packages:${PYTHONPATH} /usr/bin/python3 -W ignore:setup.py install is deprecated -W ignore:easy_install command is deprecated setup.py develop --editable --build-directory /home/joshros/Desktop/ros2cc_ws/build/my_robot_controller/build --no-deps symlink_data
[2.667s] Level 1:colcon.colcon_core.shell:create_environment_hook('my_robot_controller', 'pythonpath_develop')
[2.668s] INFO:colcon.colcon_core.shell:Creating environment hook '/home/joshros/Desktop/ros2cc_ws/build/my_robot_controller/share/my_robot_controller/hook/pythonpath_develop.ps1'
[2.669s] DEBUG:colcon.colcon_core.event_handler.log_command:Invoked command in '/home/joshros/Desktop/ros2cc_ws/build/my_robot_controller' returned '0': PYTHONPATH=/home/joshros/Desktop/ros2cc_ws/build/my_robot_controller/prefix_override:/usr/lib/python3/dist-packages/colcon_core/task/python/colcon_distutils_commands:/home/joshros/Desktop/ros2cc_ws/install/my_robot_controller/lib/python3.8/site-packages:${PYTHONPATH} /usr/bin/python3 -W ignore:setup.py install is deprecated -W ignore:easy_install command is deprecated setup.py develop --editable --build-directory /home/joshros/Desktop/ros2cc_ws/build/my_robot_controller/build --no-deps symlink_data
[2.670s] INFO:colcon.colcon_core.shell:Creating environment descriptor '/home/joshros/Desktop/ros2cc_ws/build/my_robot_controller/share/my_robot_controller/hook/pythonpath_develop.dsv'
[2.670s] INFO:colcon.colcon_core.shell:Creating environment hook '/home/joshros/Desktop/ros2cc_ws/build/my_robot_controller/share/my_robot_controller/hook/pythonpath_develop.sh'
[2.675s] Level 1:colcon.colcon_core.environment:checking '/home/joshros/Desktop/ros2cc_ws/install/my_robot_controller' for CMake module files
[2.676s] Level 1:colcon.colcon_core.environment:checking '/home/joshros/Desktop/ros2cc_ws/install/my_robot_controller' for CMake config files
[2.677s] Level 1:colcon.colcon_core.environment:checking '/home/joshros/Desktop/ros2cc_ws/install/my_robot_controller/lib'
[2.677s] Level 1:colcon.colcon_core.environment:checking '/home/joshros/Desktop/ros2cc_ws/install/my_robot_controller/bin'
[2.677s] Level 1:colcon.colcon_core.environment:checking '/home/joshros/Desktop/ros2cc_ws/install/my_robot_controller/lib/pkgconfig/my_robot_controller.pc'
[2.677s] Level 1:colcon.colcon_core.environment:checking '/home/joshros/Desktop/ros2cc_ws/install/my_robot_controller/lib/python3.8/site-packages'
[2.677s] Level 1:colcon.colcon_core.shell:create_environment_hook('my_robot_controller', 'pythonpath')
[2.678s] INFO:colcon.colcon_core.shell:Creating environment hook '/home/joshros/Desktop/ros2cc_ws/install/my_robot_controller/share/my_robot_controller/hook/pythonpath.ps1'
[2.678s] INFO:colcon.colcon_core.shell:Creating environment descriptor '/home/joshros/Desktop/ros2cc_ws/install/my_robot_controller/share/my_robot_controller/hook/pythonpath.dsv'
[2.679s] INFO:colcon.colcon_core.shell:Creating environment hook '/home/joshros/Desktop/ros2cc_ws/install/my_robot_controller/share/my_robot_controller/hook/pythonpath.sh'
[2.680s] Level 1:colcon.colcon_core.environment:checking '/home/joshros/Desktop/ros2cc_ws/install/my_robot_controller/bin'
[2.680s] Level 1:colcon.colcon_core.environment:create_environment_scripts_only(my_robot_controller)
[2.681s] INFO:colcon.colcon_core.shell:Creating package script '/home/joshros/Desktop/ros2cc_ws/install/my_robot_controller/share/my_robot_controller/package.ps1'
[2.682s] INFO:colcon.colcon_core.shell:Creating package descriptor '/home/joshros/Desktop/ros2cc_ws/install/my_robot_controller/share/my_robot_controller/package.dsv'
[2.683s] INFO:colcon.colcon_core.shell:Creating package script '/home/joshros/Desktop/ros2cc_ws/install/my_robot_controller/share/my_robot_controller/package.sh'
[2.684s] INFO:colcon.colcon_core.shell:Creating package script '/home/joshros/Desktop/ros2cc_ws/install/my_robot_controller/share/my_robot_controller/package.bash'
[2.686s] INFO:colcon.colcon_core.shell:Creating package script '/home/joshros/Desktop/ros2cc_ws/install/my_robot_controller/share/my_robot_controller/package.zsh'
[2.687s] Level 1:colcon.colcon_core.environment:create_file_with_runtime_dependencies(/home/joshros/Desktop/ros2cc_ws/install/my_robot_controller/share/colcon-core/packages/my_robot_controller)
[2.688s] DEBUG:colcon.colcon_parallel_executor.executor.parallel:closing loop
[2.688s] DEBUG:colcon.colcon_parallel_executor.executor.parallel:loop closed
[2.689s] DEBUG:colcon.colcon_parallel_executor.executor.parallel:run_until_complete finished with '0'
[2.689s] DEBUG:colcon.colcon_core.event_reactor:joining thread
[2.696s] INFO:colcon.colcon_core.plugin_system:Skipping extension 'colcon_notification.desktop_notification.terminal_notifier': Not used on non-Darwin systems
[2.696s] INFO:colcon.colcon_core.plugin_system:Skipping extension 'colcon_notification.desktop_notification.win32': Not used on non-Windows systems
[2.696s] INFO:colcon.colcon_notification.desktop_notification:Sending desktop notification using 'notify2'
[2.721s] DEBUG:colcon.colcon_core.event_reactor:joined thread
[2.721s] INFO:colcon.colcon_core.shell:Creating prefix script '/home/joshros/Desktop/ros2cc_ws/install/local_setup.ps1'
[2.723s] INFO:colcon.colcon_core.shell:Creating prefix util module '/home/joshros/Desktop/ros2cc_ws/install/_local_setup_util_ps1.py'
[2.726s] INFO:colcon.colcon_core.shell:Creating prefix chain script '/home/joshros/Desktop/ros2cc_ws/install/setup.ps1'
[2.728s] INFO:colcon.colcon_core.shell:Creating prefix script '/home/joshros/Desktop/ros2cc_ws/install/local_setup.sh'
[2.729s] INFO:colcon.colcon_core.shell:Creating prefix util module '/home/joshros/Desktop/ros2cc_ws/install/_local_setup_util_sh.py'
[2.729s] INFO:colcon.colcon_core.shell:Creating prefix chain script '/home/joshros/Desktop/ros2cc_ws/install/setup.sh'
[2.731s] INFO:colcon.colcon_core.shell:Creating prefix script '/home/joshros/Desktop/ros2cc_ws/install/local_setup.bash'
[2.732s] INFO:colcon.colcon_core.shell:Creating prefix chain script '/home/joshros/Desktop/ros2cc_ws/install/setup.bash'
[2.734s] INFO:colcon.colcon_core.shell:Creating prefix script '/home/joshros/Desktop/ros2cc_ws/install/local_setup.zsh'
[2.735s] INFO:colcon.colcon_core.shell:Creating prefix chain script '/home/joshros/Desktop/ros2cc_ws/install/setup.zsh'
