[2.411s] DEBUG:colcon:Command line arguments: ['/usr/bin/colcon', 'build']
[2.411s] DEBUG:colcon:Parsed command line arguments: Namespace(allow_overriding=[], ament_cmake_args=None, base_paths=['.'], build_base='build', catkin_cmake_args=None, catkin_skip_building_tests=False, cmake_args=None, cmake_clean_cache=False, cmake_clean_first=False, cmake_force_configure=False, cmake_target=None, cmake_target_skip_unavailable=False, continue_on_error=False, event_handlers=None, executor='parallel', ignore_user_meta=False, install_base='install', log_base=None, log_level=None, main=<bound method BuildVerb.main of <colcon_core.verb.build.BuildVerb object at 0x7f1946119610>>, merge_install=False, metas=['./colcon.meta'], mixin=None, mixin_files=None, mixin_verb=('build',), packages_above=None, packages_above_and_dependencies=None, packages_above_depth=None, packages_end=None, packages_ignore=None, packages_ignore_regex=None, packages_select=None, packages_select_build_failed=False, packages_select_by_dep=None, packages_select_regex=None, packages_select_test_failures=False, packages_skip=None, packages_skip_build_finished=False, packages_skip_by_dep=None, packages_skip_regex=None, packages_skip_test_passed=False, packages_skip_up_to=None, packages_start=None, packages_up_to=None, packages_up_to_regex=None, parallel_workers=5, paths=None, symlink_install=False, test_result_base=None, verb_extension=<colcon_core.verb.build.BuildVerb object at 0x7f1946119610>, verb_name='build', verb_parser=<colcon_mixin.mixin.mixin_argument.MixinArgumentDecorator object at 0x7f194605cd30>)
[3.001s] Level 1:colcon.colcon_core.package_discovery:discover_packages(colcon_meta) check parameters
[3.005s] Level 1:colcon.colcon_core.package_discovery:discover_packages(recursive) check parameters
[3.005s] Level 1:colcon.colcon_core.package_discovery:discover_packages(ignore) check parameters
[3.005s] Level 1:colcon.colcon_core.package_discovery:discover_packages(path) check parameters
[3.005s] Level 1:colcon.colcon_core.package_discovery:discover_packages(colcon_meta) discover
[3.005s] Level 1:colcon.colcon_core.package_discovery:discover_packages(recursive) discover
[3.005s] INFO:colcon.colcon_core.package_discovery:Crawling recursively for packages in '/home/josh/Desktop/ros2cc_ws'
[3.005s] Level 1:colcon.colcon_core.package_identification:_identify(.) by extensions ['ignore', 'ignore_ament_install']
[3.007s] Level 1:colcon.colcon_core.package_identification:_identify(.) by extension 'ignore'
[3.007s] Level 1:colcon.colcon_core.package_identification:_identify(.) by extension 'ignore_ament_install'
[3.007s] Level 1:colcon.colcon_core.package_identification:_identify(.) by extensions ['colcon_pkg']
[3.007s] Level 1:colcon.colcon_core.package_identification:_identify(.) by extension 'colcon_pkg'
[3.007s] Level 1:colcon.colcon_core.package_identification:_identify(.) by extensions ['colcon_meta']
[3.007s] Level 1:colcon.colcon_core.package_identification:_identify(.) by extension 'colcon_meta'
[3.007s] Level 1:colcon.colcon_core.package_identification:_identify(.) by extensions ['ros']
[3.009s] Level 1:colcon.colcon_core.package_identification:_identify(.) by extension 'ros'
[3.143s] Level 1:colcon.colcon_core.package_identification:_identify(.) by extensions ['cmake', 'python']
[3.148s] Level 1:colcon.colcon_core.package_identification:_identify(.) by extension 'cmake'
[3.148s] Level 1:colcon.colcon_core.package_identification:_identify(.) by extension 'python'
[3.148s] Level 1:colcon.colcon_core.package_identification:_identify(.) by extensions ['python_setup_py']
[3.148s] Level 1:colcon.colcon_core.package_identification:_identify(.) by extension 'python_setup_py'
[3.148s] Level 1:colcon.colcon_core.package_identification:_identify(build) by extensions ['ignore', 'ignore_ament_install']
[3.149s] Level 1:colcon.colcon_core.package_identification:_identify(build) by extension 'ignore'
[3.149s] Level 1:colcon.colcon_core.package_identification:_identify(build) ignored
[3.151s] Level 1:colcon.colcon_core.package_identification:_identify(install) by extensions ['ignore', 'ignore_ament_install']
[3.151s] Level 1:colcon.colcon_core.package_identification:_identify(install) by extension 'ignore'
[3.151s] Level 1:colcon.colcon_core.package_identification:_identify(install) ignored
[3.151s] Level 1:colcon.colcon_core.package_identification:_identify(log) by extensions ['ignore', 'ignore_ament_install']
[3.151s] Level 1:colcon.colcon_core.package_identification:_identify(log) by extension 'ignore'
[3.151s] Level 1:colcon.colcon_core.package_identification:_identify(log) ignored
[3.151s] Level 1:colcon.colcon_core.package_identification:_identify(src) by extensions ['ignore', 'ignore_ament_install']
[3.151s] Level 1:colcon.colcon_core.package_identification:_identify(src) by extension 'ignore'
[3.151s] Level 1:colcon.colcon_core.package_identification:_identify(src) by extension 'ignore_ament_install'
[3.151s] Level 1:colcon.colcon_core.package_identification:_identify(src) by extensions ['colcon_pkg']
[3.151s] Level 1:colcon.colcon_core.package_identification:_identify(src) by extension 'colcon_pkg'
[3.151s] Level 1:colcon.colcon_core.package_identification:_identify(src) by extensions ['colcon_meta']
[3.151s] Level 1:colcon.colcon_core.package_identification:_identify(src) by extension 'colcon_meta'
[3.151s] Level 1:colcon.colcon_core.package_identification:_identify(src) by extensions ['ros']
[3.151s] Level 1:colcon.colcon_core.package_identification:_identify(src) by extension 'ros'
[3.151s] Level 1:colcon.colcon_core.package_identification:_identify(src) by extensions ['cmake', 'python']
[3.151s] Level 1:colcon.colcon_core.package_identification:_identify(src) by extension 'cmake'
[3.151s] Level 1:colcon.colcon_core.package_identification:_identify(src) by extension 'python'
[3.151s] Level 1:colcon.colcon_core.package_identification:_identify(src) by extensions ['python_setup_py']
[3.151s] Level 1:colcon.colcon_core.package_identification:_identify(src) by extension 'python_setup_py'
[3.152s] Level 1:colcon.colcon_core.package_discovery:discover_packages(recursive) using defaults
[3.152s] Level 1:colcon.colcon_core.package_discovery:discover_packages(ignore) discover
[3.152s] Level 1:colcon.colcon_core.package_discovery:discover_packages(ignore) using defaults
[3.152s] Level 1:colcon.colcon_core.package_discovery:discover_packages(path) discover
[3.152s] Level 1:colcon.colcon_core.package_discovery:discover_packages(path) using defaults
[3.319s] Level 1:colcon.colcon_core.package_discovery:discover_packages(prefix_path) check parameters
[3.319s] Level 1:colcon.colcon_core.package_discovery:discover_packages(prefix_path) discover
[3.324s] WARNING:colcon.colcon_ros.prefix_path.ament:The path '/home/josh/Desktop/ros2cc_ws/install/my_robot_controller' in the environment variable AMENT_PREFIX_PATH doesn't exist
[3.326s] DEBUG:colcon.colcon_installed_package_information.package_discovery:Found 0 installed packages in /home/josh/Desktop/ros2cc_ws/install
[3.344s] DEBUG:colcon.colcon_installed_package_information.package_discovery:Found 263 installed packages in /opt/ros/foxy
[3.352s] Level 1:colcon.colcon_core.package_discovery:discover_packages(prefix_path) using defaults
[4.247s] INFO:colcon.colcon_core.executor:Executing jobs using 'parallel' executor
[4.250s] DEBUG:colcon.colcon_parallel_executor.executor.parallel:run_until_complete
[4.251s] DEBUG:colcon.colcon_parallel_executor.executor.parallel:closing loop
[4.251s] DEBUG:colcon.colcon_parallel_executor.executor.parallel:loop closed
[4.251s] DEBUG:colcon.colcon_parallel_executor.executor.parallel:run_until_complete finished with '0'
[4.251s] DEBUG:colcon.colcon_core.event_reactor:joining thread
[4.321s] INFO:colcon.colcon_core.plugin_system:Skipping extension 'colcon_notification.desktop_notification.terminal_notifier': Not used on non-Darwin systems
[4.322s] INFO:colcon.colcon_core.plugin_system:Skipping extension 'colcon_notification.desktop_notification.win32': Not used on non-Windows systems
[4.322s] INFO:colcon.colcon_notification.desktop_notification:Sending desktop notification using 'notify2'
[4.485s] DEBUG:colcon.colcon_core.event_reactor:joined thread
[4.499s] INFO:colcon.colcon_core.plugin_system:Skipping extension 'colcon_core.shell.bat': Not used on non-Windows systems
[4.499s] INFO:colcon.colcon_core.shell:Creating prefix script '/home/josh/Desktop/ros2cc_ws/install/local_setup.ps1'
[4.502s] INFO:colcon.colcon_core.shell:Creating prefix util module '/home/josh/Desktop/ros2cc_ws/install/_local_setup_util_ps1.py'
[4.503s] INFO:colcon.colcon_core.shell:Creating prefix chain script '/home/josh/Desktop/ros2cc_ws/install/setup.ps1'
[4.505s] INFO:colcon.colcon_core.shell:Creating prefix script '/home/josh/Desktop/ros2cc_ws/install/local_setup.sh'
[4.508s] INFO:colcon.colcon_core.shell:Creating prefix util module '/home/josh/Desktop/ros2cc_ws/install/_local_setup_util_sh.py'
[4.509s] INFO:colcon.colcon_core.shell:Creating prefix chain script '/home/josh/Desktop/ros2cc_ws/install/setup.sh'
[4.519s] INFO:colcon.colcon_core.shell:Creating prefix script '/home/josh/Desktop/ros2cc_ws/install/local_setup.bash'
[4.544s] INFO:colcon.colcon_core.shell:Creating prefix chain script '/home/josh/Desktop/ros2cc_ws/install/setup.bash'
[4.554s] INFO:colcon.colcon_core.shell:Creating prefix script '/home/josh/Desktop/ros2cc_ws/install/local_setup.zsh'
[4.561s] INFO:colcon.colcon_core.shell:Creating prefix chain script '/home/josh/Desktop/ros2cc_ws/install/setup.zsh'
