running egg_info
creating ../../build/my_robot_controller/my_robot_controller.egg-info
writing ../../build/my_robot_controller/my_robot_controller.egg-info/PKG-INFO
writing dependency_links to ../../build/my_robot_controller/my_robot_controller.egg-info/dependency_links.txt
writing entry points to ../../build/my_robot_controller/my_robot_controller.egg-info/entry_points.txt
writing requirements to ../../build/my_robot_controller/my_robot_controller.egg-info/requires.txt
writing top-level names to ../../build/my_robot_controller/my_robot_controller.egg-info/top_level.txt
writing manifest file '../../build/my_robot_controller/my_robot_controller.egg-info/SOURCES.txt'
reading manifest file '../../build/my_robot_controller/my_robot_controller.egg-info/SOURCES.txt'
writing manifest file '../../build/my_robot_controller/my_robot_controller.egg-info/SOURCES.txt'
running build
running build_py
creating /home/josh/Desktop/ros2cc_ws/build/my_robot_controller/build
creating /home/josh/Desktop/ros2cc_ws/build/my_robot_controller/build/lib
creating /home/josh/Desktop/ros2cc_ws/build/my_robot_controller/build/lib/my_robot_controller
copying my_robot_controller/draw_circle.py -> /home/josh/Desktop/ros2cc_ws/build/my_robot_controller/build/lib/my_robot_controller
copying my_robot_controller/pose_subscriber.py -> /home/josh/Desktop/ros2cc_ws/build/my_robot_controller/build/lib/my_robot_controller
copying my_robot_controller/__init__.py -> /home/josh/Desktop/ros2cc_ws/build/my_robot_controller/build/lib/my_robot_controller
copying my_robot_controller/my_first_node.py -> /home/josh/Desktop/ros2cc_ws/build/my_robot_controller/build/lib/my_robot_controller
copying my_robot_controller/turtle_controller.py -> /home/josh/Desktop/ros2cc_ws/build/my_robot_controller/build/lib/my_robot_controller
running install
running install_lib
creating /home/josh/Desktop/ros2cc_ws/install/my_robot_controller/lib/python3.8/site-packages/my_robot_controller
copying /home/josh/Desktop/ros2cc_ws/build/my_robot_controller/build/lib/my_robot_controller/draw_circle.py -> /home/josh/Desktop/ros2cc_ws/install/my_robot_controller/lib/python3.8/site-packages/my_robot_controller
copying /home/josh/Desktop/ros2cc_ws/build/my_robot_controller/build/lib/my_robot_controller/pose_subscriber.py -> /home/josh/Desktop/ros2cc_ws/install/my_robot_controller/lib/python3.8/site-packages/my_robot_controller
copying /home/josh/Desktop/ros2cc_ws/build/my_robot_controller/build/lib/my_robot_controller/__init__.py -> /home/josh/Desktop/ros2cc_ws/install/my_robot_controller/lib/python3.8/site-packages/my_robot_controller
copying /home/josh/Desktop/ros2cc_ws/build/my_robot_controller/build/lib/my_robot_controller/my_first_node.py -> /home/josh/Desktop/ros2cc_ws/install/my_robot_controller/lib/python3.8/site-packages/my_robot_controller
copying /home/josh/Desktop/ros2cc_ws/build/my_robot_controller/build/lib/my_robot_controller/turtle_controller.py -> /home/josh/Desktop/ros2cc_ws/install/my_robot_controller/lib/python3.8/site-packages/my_robot_controller
byte-compiling /home/josh/Desktop/ros2cc_ws/install/my_robot_controller/lib/python3.8/site-packages/my_robot_controller/draw_circle.py to draw_circle.cpython-38.pyc
byte-compiling /home/josh/Desktop/ros2cc_ws/install/my_robot_controller/lib/python3.8/site-packages/my_robot_controller/pose_subscriber.py to pose_subscriber.cpython-38.pyc
byte-compiling /home/josh/Desktop/ros2cc_ws/install/my_robot_controller/lib/python3.8/site-packages/my_robot_controller/__init__.py to __init__.cpython-38.pyc
byte-compiling /home/josh/Desktop/ros2cc_ws/install/my_robot_controller/lib/python3.8/site-packages/my_robot_controller/my_first_node.py to my_first_node.cpython-38.pyc
byte-compiling /home/josh/Desktop/ros2cc_ws/install/my_robot_controller/lib/python3.8/site-packages/my_robot_controller/turtle_controller.py to turtle_controller.cpython-38.pyc
running install_data
creating /home/josh/Desktop/ros2cc_ws/install/my_robot_controller/share/ament_index
creating /home/josh/Desktop/ros2cc_ws/install/my_robot_controller/share/ament_index/resource_index
creating /home/josh/Desktop/ros2cc_ws/install/my_robot_controller/share/ament_index/resource_index/packages
copying resource/my_robot_controller -> /home/josh/Desktop/ros2cc_ws/install/my_robot_controller/share/ament_index/resource_index/packages
copying package.xml -> /home/josh/Desktop/ros2cc_ws/install/my_robot_controller/share/my_robot_controller
running install_egg_info
Copying ../../build/my_robot_controller/my_robot_controller.egg-info to /home/josh/Desktop/ros2cc_ws/install/my_robot_controller/lib/python3.8/site-packages/my_robot_controller-0.0.0-py3.8.egg-info
running install_scripts
Installing draw_circle script to /home/josh/Desktop/ros2cc_ws/install/my_robot_controller/lib/my_robot_controller
Installing pose_subscriber script to /home/josh/Desktop/ros2cc_ws/install/my_robot_controller/lib/my_robot_controller
Installing test_node script to /home/josh/Desktop/ros2cc_ws/install/my_robot_controller/lib/my_robot_controller
Installing turtle_controller script to /home/josh/Desktop/ros2cc_ws/install/my_robot_controller/lib/my_robot_controller
writing list of installed files to '/home/josh/Desktop/ros2cc_ws/build/my_robot_controller/install.log'
