[0.684s] Invoking command in '/home/josh/Desktop/ros2cc_ws/build/my_robot_controller': PYTHONPATH=/home/josh/Desktop/ros2cc_ws/build/my_robot_controller/prefix_override:/usr/lib/python3/dist-packages/colcon_core/task/python/colcon_distutils_commands:/home/josh/Desktop/ros2cc_ws/install/my_robot_controller/lib/python3.8/site-packages:${PYTHONPATH} /usr/bin/python3 -W ignore:setup.py install is deprecated -W ignore:easy_install command is deprecated setup.py develop --editable --build-directory /home/josh/Desktop/ros2cc_ws/build/my_robot_controller/build --no-deps symlink_data --force
[0.863s] /home/josh/.local/lib/python3.8/site-packages/setuptools/dist.py:717: UserWarning: Usage of dash-separated 'script-dir' will not be supported in future versions. Please use the underscore name 'script_dir' instead
[0.863s]   warnings.warn(
[0.910s] running develop
[1.048s] running egg_info
[1.048s] writing my_robot_controller.egg-info/PKG-INFO
[1.053s] writing dependency_links to my_robot_controller.egg-info/dependency_links.txt
[1.053s] writing entry points to my_robot_controller.egg-info/entry_points.txt
[1.053s] writing requirements to my_robot_controller.egg-info/requires.txt
[1.053s] writing top-level names to my_robot_controller.egg-info/top_level.txt
[1.060s] reading manifest file 'my_robot_controller.egg-info/SOURCES.txt'
[1.062s] writing manifest file 'my_robot_controller.egg-info/SOURCES.txt'
[1.090s] running build_ext
[1.090s] Creating /home/josh/Desktop/ros2cc_ws/install/my_robot_controller/lib/python3.8/site-packages/my-robot-controller.egg-link (link to .)
[1.091s] Installing draw_circle script to /home/josh/Desktop/ros2cc_ws/install/my_robot_controller/lib/my_robot_controller
[1.092s] Installing pose_subscriber script to /home/josh/Desktop/ros2cc_ws/install/my_robot_controller/lib/my_robot_controller
[1.092s] Installing test_node script to /home/josh/Desktop/ros2cc_ws/install/my_robot_controller/lib/my_robot_controller
[1.094s] Installing turtle_controller script to /home/josh/Desktop/ros2cc_ws/install/my_robot_controller/lib/my_robot_controller
[1.094s] 
[1.094s] Installed /home/josh/Desktop/ros2cc_ws/build/my_robot_controller
[1.095s] running symlink_data
[1.095s] symbolically linking /home/josh/Desktop/ros2cc_ws/build/my_robot_controller/resource/my_robot_controller -> /home/josh/Desktop/ros2cc_ws/install/my_robot_controller/share/ament_index/resource_index/packages
[1.095s] symbolically linking /home/josh/Desktop/ros2cc_ws/build/my_robot_controller/package.xml -> /home/josh/Desktop/ros2cc_ws/install/my_robot_controller/share/my_robot_controller
[1.133s] Invoked command in '/home/josh/Desktop/ros2cc_ws/build/my_robot_controller' returned '0': PYTHONPATH=/home/josh/Desktop/ros2cc_ws/build/my_robot_controller/prefix_override:/usr/lib/python3/dist-packages/colcon_core/task/python/colcon_distutils_commands:/home/josh/Desktop/ros2cc_ws/install/my_robot_controller/lib/python3.8/site-packages:${PYTHONPATH} /usr/bin/python3 -W ignore:setup.py install is deprecated -W ignore:easy_install command is deprecated setup.py develop --editable --build-directory /home/josh/Desktop/ros2cc_ws/build/my_robot_controller/build --no-deps symlink_data --force
